[2025-04-23T08:59:03.736Z] ERROR: Missing or invalid token prefix.
[2025-04-23T09:00:24.122Z] INFO: User authenticated: byabdullah525734@gmail.com
[2025-04-24T10:58:47.121Z] INFO: User authenticated: abdullahsaidfawzy@gmail.com
[2025-04-24T10:59:25.391Z] INFO: User authenticated: byabdullah525734@gmail.com
[2025-04-24T10:59:46.123Z] INFO: User authenticated: abdullahsaidfawzy@gmail.com
[2025-04-24T10:59:52.152Z] INFO: User authenticated: byabdullah525734@gmail.com
[2025-04-24T11:01:42.505Z] INFO: User authenticated: bsyd@gmail.com
[2025-04-24T11:01:51.370Z] INFO: User authenticated: byabdullah525734@gmail.com
[2025-04-24T11:02:40.876Z] INFO: User authenticated: byabdullah525734@gmail.com
[2025-04-24T13:03:46.646Z] INFO: User authenticated: abdullahsaidfawzy@gmail.com
[2025-04-24T13:06:04.125Z] INFO: User authenticated: byabdullah525734@gmail.com
[2025-04-24T13:08:06.605Z] ERROR: Missing or invalid token prefix.
[2025-04-24T13:08:35.203Z] INFO: User authenticated: byabdullah525734@gmail.com
[2025-04-24T13:08:48.386Z] INFO: User authenticated: byabdullah525734@gmail.com
[2025-04-24T13:08:52.128Z] INFO: User authenticated: byabdullah525734@gmail.com
[2025-04-25T11:39:26.928Z] INFO: User authenticated: abdullahsaidfawzy@gmail.com
[2025-04-25T11:54:36.561Z] INFO: User authenticated: abdullahsaidfawzy@gmail.com
[2025-04-25T11:55:49.908Z] INFO: User authenticated: byabdullah525734@gmail.com
[2025-04-25T11:57:24.275Z] INFO: User authenticated: byabdullah525734@gmail.com
[2025-04-25T11:57:49.385Z] INFO: User authenticated: byabdullah525734@gmail.com
[2025-04-25T11:58:02.747Z] INFO: User authenticated: byabdullah525734@gmail.com
[2025-04-25T12:01:34.820Z] INFO: User authenticated: byabdullah525734@gmail.com
[2025-04-25T12:01:45.366Z] INFO: User authenticated: byabdullah525734@gmail.com
[2025-04-25T12:02:04.060Z] ERROR: Missing or invalid token prefix.
[2025-04-25T12:02:27.452Z] INFO: User authenticated: byabdullah525734@gmail.com
[2025-04-25T13:41:33.183Z] INFO: User authenticated: byabdullah525734@gmail.com
[2025-04-25T14:47:25.105Z] INFO: User authenticated: abdullahsaidfawzy@gmail.com
[2025-04-25T14:47:48.172Z] INFO: User authenticated: abdullahsaidfawzy@gmail.com
[2025-04-25T14:48:31.267Z] INFO: User authenticated: abdullahsaidfawzy@gmail.com
[2025-04-25T14:49:06.370Z] INFO: User authenticated: bsyd@gmail.com
[2025-04-25T14:49:47.157Z] INFO: User authenticated: bsyd@gmail.com
[2025-04-25T14:50:09.246Z] INFO: User authenticated: bsyd@gmail.com
[2025-04-25T14:50:10.662Z] INFO: User authenticated: bsyd@gmail.com
[2025-04-25T14:50:46.419Z] INFO: User authenticated: bsyd@gmail.com
[2025-04-25T14:51:00.016Z] INFO: User authenticated: abdullahsaidfawzy@gmail.com
[2025-04-25T14:52:38.673Z] INFO: User authenticated: bsyd@gmail.com
[2025-04-25T14:53:06.275Z] INFO: User authenticated: bsyd@gmail.com
[2025-04-25T14:54:39.025Z] ERROR: Token verification failed: invalid signature
[2025-04-25T14:54:48.355Z] INFO: User authenticated: abdullahsaidfawzy@gmail.com
[2025-04-25T14:55:04.188Z] INFO: User authenticated: abdullahsaidfawzy@gmail.com
[2025-04-25T14:55:55.465Z] INFO: User authenticated: abdullahsaidfawzy@gmail.com
[2025-04-25T14:56:59.141Z] INFO: User authenticated: abdullahsaidfawzy@gmail.com
[2025-04-25T14:59:01.286Z] INFO: User authenticated: bsyd@gmail.com
[2025-04-30T14:11:12.989Z] INFO: User authenticated: abdullahsaidfawzy@gmail.com
[2025-04-30T14:12:06.539Z] INFO: User authenticated: abdullahsaidfawzy@gmail.com
[2025-04-30T14:12:37.314Z] INFO: User authenticated: abdullahsaidfawzy@gmail.com
[2025-04-30T14:14:13.165Z] INFO: User authenticated: abdullahsaidfawzy@gmail.com
[2025-04-30T14:14:21.056Z] INFO: Token extracted successfully.
[2025-04-30T14:14:21.056Z] ERROR: Token verification failed: Token is invalid!
[2025-05-01T10:11:56.665Z] INFO: User authenticated: abdullahsaidfawzy@gmail.com
[2025-05-01T10:13:09.360Z] INFO: User authenticated: abdullahsaidfawzy@gmail.com
[2025-05-01T10:29:06.918Z] INFO: User authenticated: abdullahsaidfawzy@gmail.com
[2025-05-01T10:29:13.562Z] INFO: User authenticated: abdullahsaidfawzy@gmail.com
[2025-05-01T10:35:09.624Z] INFO: User authenticated: abdullahsaidfawzy@gmail.com
[2025-05-01T16:42:41.121Z] INFO: User authenticated: abdullahsaidfawzy@gmail.com
[2025-05-01T16:42:55.883Z] INFO: User authenticated: abdullahsaidfawzy@gmail.com
[2025-05-01T16:43:59.986Z] INFO: User authenticated: abdullahsaidfawzy@gmail.com
[2025-05-01T16:44:50.763Z] INFO: User authenticated: abdullahsaidfawzy@gmail.com
[2025-05-01T16:47:37.538Z] INFO: User authenticated: abdullahsaidfawzy@gmail.com
[2025-05-01T16:54:08.572Z] INFO: User authenticated: abdullahsaidfawzy@gmail.com
[2025-05-01T16:54:51.561Z] INFO: User authenticated: abdullahsaidfawzy@gmail.com
[2025-05-01T16:57:21.612Z] INFO: User authenticated: abdullahsaidfawzy@gmail.com
[2025-05-01T16:57:28.388Z] INFO: User authenticated: abdullahsaidfawzy@gmail.com
[2025-05-01T16:58:45.373Z] INFO: User authenticated: abdullahsaidfawzy@gmail.com
[2025-05-01T16:59:37.179Z] INFO: User authenticated: abdullahsaidfawzy@gmail.com
[2025-05-01T17:05:05.165Z] INFO: User authenticated: abdullahsaidfawzy@gmail.com
[2025-05-01T17:06:21.586Z] INFO: User authenticated: abdullahsaidfawzy@gmail.com
[2025-05-01T17:10:46.590Z] INFO: User authenticated: abdullahsaidfawzy@gmail.com
[2025-05-01T17:11:56.767Z] INFO: User authenticated: abdullahsaidfawzy@gmail.com
[2025-05-01T17:12:33.693Z] INFO: User authenticated: abdullahsaidfawzy@gmail.com
[2025-05-02T11:03:10.384Z] INFO: User authenticated: abdullahsaidfawzy@gmail.com
[2025-05-02T11:03:54.132Z] INFO: User authenticated: abdullahsaidfawzy@gmail.com
[2025-05-02T11:04:03.326Z] INFO: User authenticated: abdullahsaidfawzy@gmail.com
[2025-05-02T14:15:26.945Z] INFO: User authenticated: abdullahsaidfawzy@gmail.com
[2025-05-02T14:19:02.427Z] INFO: User authenticated: abdullahsaidfawzy@gmail.com
[2025-05-02T14:19:34.539Z] INFO: User authenticated: abdullahsaidfawzy@gmail.com
[2025-05-02T14:21:13.552Z] INFO: User authenticated: abdullahsaidfawzy@gmail.com
[2025-05-02T14:21:29.391Z] INFO: User authenticated: abdullahsaidfawzy@gmail.com
[2025-05-02T14:22:00.999Z] INFO: User authenticated: abdullahsaidfawzy@gmail.com
[2025-05-02T14:22:11.851Z] INFO: User authenticated: abdullahsaidfawzy@gmail.com
[2025-05-02T14:22:21.642Z] INFO: User authenticated: abdullahsaidfawzy@gmail.com
[2025-05-02T14:25:19.968Z] INFO: User authenticated: abdullahsaidfawzy@gmail.com
[2025-05-02T14:26:07.878Z] INFO: User authenticated: abdullahsaidfawzy@gmail.com
[2025-05-02T14:31:06.145Z] INFO: User authenticated: abdullahsaidfawzy@gmail.com
[2025-05-02T14:31:55.026Z] INFO: User authenticated: abdullahsaidfawzy@gmail.com
[2025-05-02T14:33:54.032Z] INFO: User authenticated: abdullahsaidfawzy@gmail.com
[2025-05-02T14:38:50.888Z] INFO: User authenticated: abdullahsaidfawzy@gmail.com
[2025-05-02T14:47:07.285Z] INFO: User authenticated: abdullahsaidfawzy@gmail.com
[2025-05-04T10:15:24.218Z] INFO: User authenticated: abdullahsaidfawzy@gmail.com
[2025-05-04T10:16:48.387Z] INFO: User authenticated: abdullahsaidfawzy@gmail.com
[2025-05-04T10:52:26.073Z] INFO: User authenticated: abdullahsaidfawzy@gmail.com
[2025-05-04T10:53:13.303Z] INFO: User authenticated: abdullahsaidfawzy@gmail.com
[2025-05-04T10:53:18.117Z] INFO: User authenticated: abdullahsaidfawzy@gmail.com
[2025-05-04T10:53:39.096Z] INFO: User authenticated: abdullahsaidfawzy@gmail.com
[2025-05-04T10:55:38.015Z] INFO: User authenticated: abdullahsaidfawzy@gmail.com
[2025-05-04T10:55:49.694Z] INFO: User authenticated: abdullahsaidfawzy@gmail.com
[2025-05-04T11:08:31.274Z] INFO: User authenticated: abdullahsaidfawzy@gmail.com
[2025-05-04T11:17:58.698Z] INFO: User authenticated: abdullahsaidfawzy@gmail.com
[2025-05-04T11:35:11.500Z] INFO: User authenticated: abdullahsaidfawzy@gmail.com
[2025-05-04T11:35:58.662Z] INFO: User authenticated: abdullahsaidfawzy@gmail.com
[2025-05-04T11:36:45.454Z] INFO: User authenticated: abdullahsaidfawzy@gmail.com
[2025-05-04T11:38:16.472Z] INFO: User authenticated: abdullahsaidfawzy@gmail.com
[2025-05-04T11:38:41.379Z] INFO: User authenticated: abdullahsaidfawzy@gmail.com
[2025-05-04T11:39:44.487Z] INFO: User authenticated: abdullahsaidfawzy@gmail.com
[2025-05-04T11:41:33.280Z] INFO: User authenticated: abdullahsaidfawzy@gmail.com
[2025-05-04T11:42:35.982Z] INFO: User authenticated: abdullahsaidfawzy@gmail.com
[2025-05-05T12:58:22.683Z] INFO: User authenticated: abdullahsaidfawzy@gmail.com
[2025-05-05T12:59:25.178Z] INFO: User authenticated: abdullahsaidfawzy@gmail.com
[2025-05-05T12:59:26.868Z] INFO: User authenticated: abdullahsaidfawzy@gmail.com
[2025-05-05T13:10:48.152Z] INFO: User authenticated: abdullahsaidfawzy@gmail.com
[2025-05-05T13:10:50.131Z] INFO: User authenticated: abdullahsaidfawzy@gmail.com
[2025-05-05T13:15:23.701Z] INFO: User authenticated: abdullahsaidfawzy@gmail.com
[2025-05-05T13:15:25.329Z] INFO: User authenticated: abdullahsaidfawzy@gmail.com
[2025-05-05T13:18:29.346Z] INFO: User authenticated: abdullahsaidfawzy@gmail.com
[2025-05-05T13:21:33.523Z] INFO: User authenticated: abdullahsaidfawzy@gmail.com
[2025-05-05T13:23:35.308Z] INFO: User authenticated: abdullahsaidfawzy@gmail.com
[2025-05-05T13:23:53.639Z] INFO: User authenticated: abdullahsaidfawzy@gmail.com
[2025-05-05T13:25:07.346Z] INFO: User authenticated: abdullahsaidfawzy@gmail.com
[2025-05-05T13:27:53.046Z] INFO: User authenticated: abdullahsaidfawzy@gmail.com
[2025-05-05T13:28:31.695Z] INFO: User authenticated: abdullahsaidfawzy@gmail.com
[2025-05-05T13:31:22.721Z] INFO: User authenticated: abdullahsaidfawzy@gmail.com
[2025-05-05T13:32:12.890Z] INFO: User authenticated: abdullahsaidfawzy@gmail.com
[2025-05-05T13:37:47.399Z] INFO: User authenticated: abdullahsaidfawzy@gmail.com
[2025-05-05T13:40:06.100Z] INFO: User authenticated: abdullahsaidfawzy@gmail.com
[2025-05-05T14:45:36.742Z] INFO: User authenticated: abdullahsaidfawzy@gmail.com
[2025-05-05T14:45:50.552Z] INFO: User authenticated: abdullahsaidfawzy@gmail.com
[2025-05-06T09:00:06.268Z] INFO: User authenticated: abdullahsaidfawzy@gmail.com
[2025-05-06T10:56:06.755Z] INFO: User authenticated: abdullahsaidfawzy@gmail.com
[2025-05-06T10:58:01.442Z] INFO: User authenticated: abdullahsaidfawzy@gmail.com
[2025-05-06T10:58:12.545Z] INFO: User authenticated: abdullahsaidfawzy@gmail.com
[2025-05-06T10:58:28.262Z] INFO: User authenticated: abdullahsaidfawzy@gmail.com
[2025-05-06T11:03:37.737Z] INFO: User authenticated: abdullahsaidfawzy@gmail.com
[2025-05-06T11:03:49.596Z] INFO: User authenticated: abdullahsaidfawzy@gmail.com
[2025-05-06T11:05:18.241Z] INFO: User authenticated: abdullahsaidfawzy@gmail.com
[2025-05-06T11:08:27.837Z] INFO: User authenticated: abdullahsaidfawzy@gmail.com
[2025-05-06T11:21:56.803Z] INFO: User authenticated: abdullahsaidfawzy@gmail.com
[2025-05-06T11:24:01.295Z] INFO: User authenticated: abdullahsaidfawzy@gmail.com
[2025-05-06T11:25:14.072Z] INFO: User authenticated: abdullahsaidfawzy@gmail.com
[2025-05-06T14:16:16.297Z] INFO: User authenticated: abdullahsaidfawzy@gmail.com
[2025-05-06T14:16:41.921Z] INFO: User authenticated: abdullahsaidfawzy@gmail.com
[2025-05-06T14:17:30.644Z] INFO: User authenticated: abdullahsaidfawzy@gmail.com
[2025-05-06T14:19:17.100Z] INFO: User authenticated: abdullahsaidfawzy@gmail.com
[2025-05-06T14:25:44.719Z] INFO: User authenticated: abdullahsaidfawzy@gmail.com
[2025-05-06T14:29:45.534Z] INFO: User authenticated: abdullahsaidfawzy@gmail.com
[2025-05-07T10:24:19.037Z] INFO: User authenticated: abdullahsaidfawzy@gmail.com
[2025-05-07T10:35:22.808Z] INFO: User authenticated: abdullahsaidfawzy@gmail.com
[2025-05-07T10:35:34.728Z] INFO: User authenticated: abdullahsaidfawzy@gmail.com
[2025-05-07T10:44:07.038Z] ERROR: Missing or invalid token prefix.
[2025-05-07T10:44:29.344Z] INFO: User authenticated: abdullahsaidfawzy@gmail.com
[2025-05-07T10:45:15.975Z] INFO: User authenticated: abdullahsaidfawzy@gmail.com
[2025-05-07T10:46:17.161Z] INFO: User authenticated: abdullahsaidfawzy@gmail.com
[2025-05-07T12:05:19.093Z] INFO: User authenticated: abdullahsaidfawzy@gmail.com
[2025-05-07T12:06:19.849Z] ERROR: Missing or invalid token prefix.
[2025-05-07T12:07:12.501Z] ERROR: Missing or invalid token prefix.
[2025-05-10T13:25:55.495Z] INFO: User authenticated: abdullahsaidfawzy@gmail.com
[2025-05-10T13:26:47.493Z] INFO: User authenticated: abdullahsaidfawzy@gmail.com
[2025-05-10T13:28:33.996Z] INFO: User authenticated: abdullahsaidfawzy@gmail.com
[2025-05-10T13:28:35.378Z] INFO: User authenticated: abdullahsaidfawzy@gmail.com
[2025-05-10T13:29:21.806Z] INFO: User authenticated: abdullahsaidfawzy@gmail.com
[2025-05-10T13:30:13.212Z] INFO: User authenticated: abdullahsaidfawzy@gmail.com
[2025-05-10T13:31:58.831Z] INFO: User authenticated: abdullahsaidfawzy@gmail.com
[2025-05-10T13:32:00.231Z] INFO: User authenticated: abdullahsaidfawzy@gmail.com
[2025-05-10T13:33:53.317Z] INFO: User authenticated: abdullahsaidfawzy@gmail.com
[2025-05-10T13:34:58.835Z] INFO: User authenticated: abdullahsaidfawzy@gmail.com
[2025-05-10T13:36:36.677Z] INFO: User authenticated: abdullahsaidfawzy@gmail.com
[2025-05-10T15:33:53.617Z] INFO: User authenticated: abdullahsaidfawzy@gmail.com
[2025-05-10T15:35:24.324Z] INFO: User authenticated: abdullahsaidfawzy@gmail.com
[2025-05-10T16:50:20.347Z] INFO: User authenticated: abdullahsaidfawzy@gmail.com
[2025-05-10T16:53:25.448Z] INFO: User authenticated: abdullahsaidfawzy@gmail.com
[2025-05-10T16:53:56.526Z] INFO: User authenticated: abdullahsaidfawzy@gmail.com
[2025-05-10T17:00:04.436Z] INFO: User authenticated: abdullahsaidfawzy@gmail.com
[2025-05-10T17:01:33.920Z] INFO: User authenticated: abdullahsaidfawzy@gmail.com
[2025-05-10T17:02:42.395Z] INFO: User authenticated: abdullahsaidfawzy@gmail.com
[2025-05-10T17:03:28.341Z] INFO: User authenticated: abdullahsaidfawzy@gmail.com
